# JRE version: OpenJDK Runtime Environment (Zulu 8.52.0.23-CA-win64) (8.0_282-b08) (build 1.8.0_282-b08)
# Java VM: OpenJDK 64-Bit Server VM (25.282-b08 mixed mode windows-amd64 compressed oops)
Heap:
 PSYoungGen      total 70144K, used 55370K [0x00000000d5580000, 0x00000000de280000, 0x0000000100000000)
  eden space 65536K, 77% used [0x00000000d5580000,0x00000000d8715fc0,0x00000000d9580000)
  from space 4608K, 99% used [0x00000000d9580000,0x00000000d99fc890,0x00000000d9a00000)
  to   space 6656K, 0% used [0x00000000ddc00000,0x00000000ddc00000,0x00000000de280000)
 ParOldGen       total 44032K, used 6861K [0x0000000080000000, 0x0000000082b00000, 0x00000000d5580000)
  object space 44032K, 15% used [0x0000000080000000,0x00000000806b3758,0x0000000082b00000)
 Metaspace       used 19965K, capacity 20216K, committed 20608K, reserved 1067008K
  class space    used 2209K, capacity 2312K, committed 2432K, reserved 1048576K
GC Heap History (10 events):
Event: 2.499 GC heap before
{Heap before GC invocations=3 (full 0):
 PSYoungGen      total 18944K, used 18937K [0x00000000d5580000, 0x00000000d7a80000, 0x0000000100000000)
  eden space 16384K, 100% used [0x00000000d5580000,0x00000000d6580000,0x00000000d6580000)
  from space 2560K, 99% used [0x00000000d6800000,0x00000000d6a7e778,0x00000000d6a80000)
  to   space 2560K, 0% used [0x00000000d6580000,0x00000000d6580000,0x00000000d6800000)
 ParOldGen       total 44032K, used 522K [0x0000000080000000, 0x0000000082b00000, 0x00000000d5580000)
  object space 44032K, 1% used [0x0000000080000000,0x0000000080082890,0x0000000082b00000)
 Metaspace       used 7657K, capacity 7824K, committed 8064K, reserved 1056768K
  class space    used 819K, capacity 888K, committed 896K, reserved 1048576K
Event: 2.503 GC heap after
Heap after GC invocations=3 (full 0):
 PSYoungGen      total 18944K, used 2543K [0x00000000d5580000, 0x00000000d7a80000, 0x0000000100000000)
  eden space 16384K, 0% used [0x00000000d5580000,0x00000000d5580000,0x00000000d6580000)
  from space 2560K, 99% used [0x00000000d6580000,0x00000000d67fbcd8,0x00000000d6800000)
  to   space 2560K, 0% used [0x00000000d7800000,0x00000000d7800000,0x00000000d7a80000)
 ParOldGen       total 44032K, used 1453K [0x0000000080000000, 0x0000000082b00000, 0x00000000d5580000)
  object space 44032K, 3% used [0x0000000080000000,0x000000008016b5e8,0x0000000082b00000)
 Metaspace       used 7657K, capacity 7824K, committed 8064K, reserved 1056768K
  class space    used 819K, capacity 888K, committed 896K, reserved 1048576K
}
Event: 2.730 GC heap before
{Heap before GC invocations=4 (full 0):
 PSYoungGen      total 18944K, used 18927K [0x00000000d5580000, 0x00000000d7a80000, 0x0000000100000000)
  eden space 16384K, 100% used [0x00000000d5580000,0x00000000d6580000,0x00000000d6580000)
  from space 2560K, 99% used [0x00000000d6580000,0x00000000d67fbcd8,0x00000000d6800000)
  to   space 2560K, 0% used [0x00000000d7800000,0x00000000d7800000,0x00000000d7a80000)
 ParOldGen       total 44032K, used 1453K [0x0000000080000000, 0x0000000082b00000, 0x00000000d5580000)
  object space 44032K, 3% used [0x0000000080000000,0x000000008016b5e8,0x0000000082b00000)
 Metaspace       used 8701K, capacity 8848K, committed 8960K, reserved 1056768K
  class space    used 962K, capacity 1016K, committed 1024K, reserved 1048576K
Event: 2.735 GC heap after
Heap after GC invocations=4 (full 0):
 PSYoungGen      total 35328K, used 2559K [0x00000000d5580000, 0x00000000d7a80000, 0x0000000100000000)
  eden space 32768K, 0% used [0x00000000d5580000,0x00000000d5580000,0x00000000d7580000)
  from space 2560K, 99% used [0x00000000d7800000,0x00000000d7a7fce8,0x00000000d7a80000)
  to   space 2560K, 0% used [0x00000000d7580000,0x00000000d7580000,0x00000000d7800000)
 ParOldGen       total 44032K, used 2438K [0x0000000080000000, 0x0000000082b00000, 0x00000000d5580000)
  object space 44032K, 5% used [0x0000000080000000,0x0000000080261a20,0x0000000082b00000)
 Metaspace       used 8701K, capacity 8848K, committed 8960K, reserved 1056768K
  class space    used 962K, capacity 1016K, committed 1024K, reserved 1048576K
}
Event: 3.230 GC heap before
{Heap before GC invocations=5 (full 0):
 PSYoungGen      total 35328K, used 35327K [0x00000000d5580000, 0x00000000d7a80000, 0x0000000100000000)
  eden space 32768K, 100% used [0x00000000d5580000,0x00000000d7580000,0x00000000d7580000)
  from space 2560K, 99% used [0x00000000d7800000,0x00000000d7a7fce8,0x00000000d7a80000)
  to   space 2560K, 0% used [0x00000000d7580000,0x00000000d7580000,0x00000000d7800000)
 ParOldGen       total 44032K, used 2438K [0x0000000080000000, 0x0000000082b00000, 0x00000000d5580000)
  object space 44032K, 5% used [0x0000000080000000,0x0000000080261a20,0x0000000082b00000)
 Metaspace       used 10431K, capacity 10582K, committed 10752K, reserved 1058816K
  class space    used 1152K, capacity 1209K, committed 1280K, reserved 1048576K
Event: 3.236 GC heap after
Heap after GC invocations=5 (full 0):
 PSYoungGen      total 35328K, used 2557K [0x00000000d5580000, 0x00000000d9e80000, 0x0000000100000000)
  eden space 32768K, 0% used [0x00000000d5580000,0x00000000d5580000,0x00000000d7580000)
  from space 2560K, 99% used [0x00000000d7580000,0x00000000d77ff420,0x00000000d7800000)
  to   space 4608K, 0% used [0x00000000d9a00000,0x00000000d9a00000,0x00000000d9e80000)
 ParOldGen       total 44032K, used 3875K [0x0000000080000000, 0x0000000082b00000, 0x00000000d5580000)
  object space 44032K, 8% used [0x0000000080000000,0x00000000803c8dc8,0x0000000082b00000)
 Metaspace       used 10431K, capacity 10582K, committed 10752K, reserved 1058816K
  class space    used 1152K, capacity 1209K, committed 1280K, reserved 1048576K
}
Event: 3.545 GC heap before
{Heap before GC invocations=6 (full 0):
 PSYoungGen      total 35328K, used 35325K [0x00000000d5580000, 0x00000000d9e80000, 0x0000000100000000)
  eden space 32768K, 100% used [0x00000000d5580000,0x00000000d7580000,0x00000000d7580000)
  from space 2560K, 99% used [0x00000000d7580000,0x00000000d77ff420,0x00000000d7800000)
  to   space 4608K, 0% used [0x00000000d9a00000,0x00000000d9a00000,0x00000000d9e80000)
 ParOldGen       total 44032K, used 3875K [0x0000000080000000, 0x0000000082b00000, 0x00000000d5580000)
  object space 44032K, 8% used [0x0000000080000000,0x00000000803c8dc8,0x0000000082b00000)
 Metaspace       used 10992K, capacity 11158K, committed 11264K, reserved 1058816K
  class space    used 1205K, capacity 1273K, committed 1280K, reserved 1048576K
Event: 3.551 GC heap after
Heap after GC invocations=6 (full 0):
 PSYoungGen      total 70144K, used 3262K [0x00000000d5580000, 0x00000000d9e80000, 0x0000000100000000)
  eden space 65536K, 0% used [0x00000000d5580000,0x00000000d5580000,0x00000000d9580000)
  from space 4608K, 70% used [0x00000000d9a00000,0x00000000d9d2fb28,0x00000000d9e80000)
  to   space 4608K, 0% used [0x00000000d9580000,0x00000000d9580000,0x00000000d9a00000)
 ParOldGen       total 44032K, used 3875K [0x0000000080000000, 0x0000000082b00000, 0x00000000d5580000)
  object space 44032K, 8% used [0x0000000080000000,0x00000000803c8dc8,0x0000000082b00000)
 Metaspace       used 10992K, capacity 11158K, committed 11264K, reserved 1058816K
  class space    used 1205K, capacity 1273K, committed 1280K, reserved 1048576K
}
Event: 4.802 GC heap before
{Heap before GC invocations=7 (full 0):
 PSYoungGen      total 70144K, used 68798K [0x00000000d5580000, 0x00000000d9e80000, 0x0000000100000000)
  eden space 65536K, 100% used [0x00000000d5580000,0x00000000d9580000,0x00000000d9580000)
  from space 4608K, 70% used [0x00000000d9a00000,0x00000000d9d2fb28,0x00000000d9e80000)
  to   space 4608K, 0% used [0x00000000d9580000,0x00000000d9580000,0x00000000d9a00000)
 ParOldGen       total 44032K, used 3875K [0x0000000080000000, 0x0000000082b00000, 0x00000000d5580000)
  object space 44032K, 8% used [0x0000000080000000,0x00000000803c8dc8,0x0000000082b00000)
 Metaspace       used 16869K, capacity 17062K, committed 17280K, reserved 1064960K
  class space    used 1802K, capacity 1878K, committed 1920K, reserved 1048576K
Event: 4.812 GC heap after
Heap after GC invocations=7 (full 0):
 PSYoungGen      total 70144K, used 4594K [0x00000000d5580000, 0x00000000de280000, 0x0000000100000000)
  eden space 65536K, 0% used [0x00000000d5580000,0x00000000d5580000,0x00000000d9580000)
  from space 4608K, 99% used [0x00000000d9580000,0x00000000d99fc890,0x00000000d9a00000)
  to   space 6656K, 0% used [0x00000000ddc00000,0x00000000ddc00000,0x00000000de280000)
 ParOldGen       total 44032K, used 6861K [0x0000000080000000, 0x0000000082b00000, 0x00000000d5580000)
  object space 44032K, 15% used [0x0000000080000000,0x00000000806b3758,0x0000000082b00000)
 Metaspace       used 16869K, capacity 17062K, committed 17280K, reserved 1064960K
  class space    used 1802K, capacity 1878K, committed 1920K, reserved 1048576K
}

