# JRE version: OpenJDK Runtime Environment (Zulu 8.52.0.23-CA-win64) (8.0_282-b08) (build 1.8.0_282-b08)
# Java VM: OpenJDK 64-Bit Server VM (25.282-b08 mixed mode windows-amd64 compressed oops)
Heap:
 PSYoungGen      total 134144K, used 20688K [0x00000000d5580000, 0x00000000e0a00000, 0x0000000100000000)
  eden space 129024K, 13% used [0x00000000d5580000,0x00000000d6714220,0x00000000dd380000)
  from space 5120K, 52% used [0x00000000dd380000,0x00000000dd620000,0x00000000dd880000)
  to   space 8192K, 0% used [0x00000000e0200000,0x00000000e0200000,0x00000000e0a00000)
 ParOldGen       total 36864K, used 25740K [0x0000000080000000, 0x0000000082400000, 0x00000000d5580000)
  object space 36864K, 69% used [0x0000000080000000,0x00000000819231c0,0x0000000082400000)
 Metaspace       used 32530K, capacity 33116K, committed 33152K, reserved 1079296K
  class space    used 3736K, capacity 3952K, committed 3968K, reserved 1048576K
GC Heap History (10 events):
Event: 7.216 GC heap before
{Heap before GC invocations=8 (full 1):
 PSYoungGen      total 131072K, used 4841K [0x00000000d5580000, 0x00000000ddf80000, 0x0000000100000000)
  eden space 125952K, 0% used [0x00000000d5580000,0x00000000d5580000,0x00000000dd080000)
  from space 5120K, 94% used [0x00000000dd380000,0x00000000dd83a438,0x00000000dd880000)
  to   space 7168K, 0% used [0x00000000dd880000,0x00000000dd880000,0x00000000ddf80000)
 ParOldGen       total 44032K, used 8460K [0x0000000080000000, 0x0000000082b00000, 0x00000000d5580000)
  object space 44032K, 19% used [0x0000000080000000,0x0000000080843140,0x0000000082b00000)
 Metaspace       used 20846K, capacity 21136K, committed 21296K, reserved 1069056K
  class space    used 2313K, capacity 2425K, committed 2432K, reserved 1048576K
Event: 7.277 GC heap after
Heap after GC invocations=8 (full 1):
 PSYoungGen      total 131072K, used 0K [0x00000000d5580000, 0x00000000ddf80000, 0x0000000100000000)
  eden space 125952K, 0% used [0x00000000d5580000,0x00000000d5580000,0x00000000dd080000)
  from space 5120K, 0% used [0x00000000dd380000,0x00000000dd380000,0x00000000dd880000)
  to   space 7168K, 0% used [0x00000000dd880000,0x00000000dd880000,0x00000000ddf80000)
 ParOldGen       total 36864K, used 10640K [0x0000000080000000, 0x0000000082400000, 0x00000000d5580000)
  object space 36864K, 28% used [0x0000000080000000,0x0000000080a64078,0x0000000082400000)
 Metaspace       used 20846K, capacity 21136K, committed 21296K, reserved 1069056K
  class space    used 2313K, capacity 2425K, committed 2432K, reserved 1048576K
}
Event: 8.775 GC heap before
{Heap before GC invocations=9 (full 1):
 PSYoungGen      total 131072K, used 125952K [0x00000000d5580000, 0x00000000ddf80000, 0x0000000100000000)
  eden space 125952K, 100% used [0x00000000d5580000,0x00000000dd080000,0x00000000dd080000)
  from space 5120K, 0% used [0x00000000dd380000,0x00000000dd380000,0x00000000dd880000)
  to   space 7168K, 0% used [0x00000000dd880000,0x00000000dd880000,0x00000000ddf80000)
 ParOldGen       total 36864K, used 10640K [0x0000000080000000, 0x0000000082400000, 0x00000000d5580000)
  object space 36864K, 28% used [0x0000000080000000,0x0000000080a64078,0x0000000082400000)
 Metaspace       used 22399K, capacity 22778K, committed 23088K, reserved 1069056K
  class space    used 2451K, capacity 2581K, committed 2688K, reserved 1048576K
Event: 8.782 GC heap after
Heap after GC invocations=9 (full 1):
 PSYoungGen      total 133120K, used 3365K [0x00000000d5580000, 0x00000000ddf80000, 0x0000000100000000)
  eden space 125952K, 0% used [0x00000000d5580000,0x00000000d5580000,0x00000000dd080000)
  from space 7168K, 46% used [0x00000000dd880000,0x00000000ddbc9568,0x00000000ddf80000)
  to   space 5120K, 0% used [0x00000000dd380000,0x00000000dd380000,0x00000000dd880000)
 ParOldGen       total 36864K, used 10648K [0x0000000080000000, 0x0000000082400000, 0x00000000d5580000)
  object space 36864K, 28% used [0x0000000080000000,0x0000000080a66078,0x0000000082400000)
 Metaspace       used 22399K, capacity 22778K, committed 23088K, reserved 1069056K
  class space    used 2451K, capacity 2581K, committed 2688K, reserved 1048576K
}
Event: 10.768 GC heap before
{Heap before GC invocations=10 (full 1):
 PSYoungGen      total 133120K, used 129317K [0x00000000d5580000, 0x00000000ddf80000, 0x0000000100000000)
  eden space 125952K, 100% used [0x00000000d5580000,0x00000000dd080000,0x00000000dd080000)
  from space 7168K, 46% used [0x00000000dd880000,0x00000000ddbc9568,0x00000000ddf80000)
  to   space 5120K, 0% used [0x00000000dd380000,0x00000000dd380000,0x00000000dd880000)
 ParOldGen       total 36864K, used 10648K [0x0000000080000000, 0x0000000082400000, 0x00000000d5580000)
  object space 36864K, 28% used [0x0000000080000000,0x0000000080a66078,0x0000000082400000)
 Metaspace       used 23260K, capacity 23632K, committed 23680K, reserved 1071104K
  class space    used 2542K, capacity 2667K, committed 2688K, reserved 1048576K
Event: 10.783 GC heap after
Heap after GC invocations=10 (full 1):
 PSYoungGen      total 134144K, used 5104K [0x00000000d5580000, 0x00000000e0a00000, 0x0000000100000000)
  eden space 129024K, 0% used [0x00000000d5580000,0x00000000d5580000,0x00000000dd380000)
  from space 5120K, 99% used [0x00000000dd380000,0x00000000dd87c010,0x00000000dd880000)
  to   space 8192K, 0% used [0x00000000e0200000,0x00000000e0200000,0x00000000e0a00000)
 ParOldGen       total 36864K, used 12238K [0x0000000080000000, 0x0000000082400000, 0x00000000d5580000)
  object space 36864K, 33% used [0x0000000080000000,0x0000000080bf3bd8,0x0000000082400000)
 Metaspace       used 23260K, capacity 23632K, committed 23680K, reserved 1071104K
  class space    used 2542K, capacity 2667K, committed 2688K, reserved 1048576K
}
Event: 13.705 GC heap before
{Heap before GC invocations=11 (full 1):
 PSYoungGen      total 134144K, used 134128K [0x00000000d5580000, 0x00000000e0a00000, 0x0000000100000000)
  eden space 129024K, 100% used [0x00000000d5580000,0x00000000dd380000,0x00000000dd380000)
  from space 5120K, 99% used [0x00000000dd380000,0x00000000dd87c010,0x00000000dd880000)
  to   space 8192K, 0% used [0x00000000e0200000,0x00000000e0200000,0x00000000e0a00000)
 ParOldGen       total 36864K, used 12238K [0x0000000080000000, 0x0000000082400000, 0x00000000d5580000)
  object space 36864K, 33% used [0x0000000080000000,0x0000000080bf3bd8,0x0000000082400000)
 Metaspace       used 30653K, capacity 31184K, committed 31360K, reserved 1077248K
  class space    used 3466K, capacity 3679K, committed 3712K, reserved 1048576K
Event: 13.725 GC heap after
Heap after GC invocations=11 (full 1):
 PSYoungGen      total 137216K, used 8187K [0x00000000d5580000, 0x00000000e0a00000, 0x0000000100000000)
  eden space 129024K, 0% used [0x00000000d5580000,0x00000000d5580000,0x00000000dd380000)
  from space 8192K, 99% used [0x00000000e0200000,0x00000000e09fef10,0x00000000e0a00000)
  to   space 5120K, 0% used [0x00000000dd380000,0x00000000dd380000,0x00000000dd880000)
 ParOldGen       total 36864K, used 18884K [0x0000000080000000, 0x0000000082400000, 0x00000000d5580000)
  object space 36864K, 51% used [0x0000000080000000,0x0000000081271060,0x0000000082400000)
 Metaspace       used 30653K, capacity 31184K, committed 31360K, reserved 1077248K
  class space    used 3466K, capacity 3679K, committed 3712K, reserved 1048576K
}
Event: 16.456 GC heap before
{Heap before GC invocations=12 (full 1):
 PSYoungGen      total 137216K, used 137211K [0x00000000d5580000, 0x00000000e0a00000, 0x0000000100000000)
  eden space 129024K, 100% used [0x00000000d5580000,0x00000000dd380000,0x00000000dd380000)
  from space 8192K, 99% used [0x00000000e0200000,0x00000000e09fef10,0x00000000e0a00000)
  to   space 5120K, 0% used [0x00000000dd380000,0x00000000dd380000,0x00000000dd880000)
 ParOldGen       total 36864K, used 18884K [0x0000000080000000, 0x0000000082400000, 0x00000000d5580000)
  object space 36864K, 51% used [0x0000000080000000,0x0000000081271060,0x0000000082400000)
 Metaspace       used 32112K, capacity 32724K, committed 32896K, reserved 1079296K
  class space    used 3673K, capacity 3885K, committed 3968K, reserved 1048576K
Event: 16.499 GC heap after
Heap after GC invocations=12 (full 1):
 PSYoungGen      total 134144K, used 2688K [0x00000000d5580000, 0x00000000e0a00000, 0x0000000100000000)
  eden space 129024K, 0% used [0x00000000d5580000,0x00000000d5580000,0x00000000dd380000)
  from space 5120K, 52% used [0x00000000dd380000,0x00000000dd620000,0x00000000dd880000)
  to   space 8192K, 0% used [0x00000000e0200000,0x00000000e0200000,0x00000000e0a00000)
 ParOldGen       total 36864K, used 25740K [0x0000000080000000, 0x0000000082400000, 0x00000000d5580000)
  object space 36864K, 69% used [0x0000000080000000,0x00000000819231c0,0x0000000082400000)
 Metaspace       used 32112K, capacity 32724K, committed 32896K, reserved 1079296K
  class space    used 3673K, capacity 3885K, committed 3968K, reserved 1048576K
}

