# JRE version: OpenJDK Runtime Environment (Zulu 8.52.0.23-CA-win64) (8.0_282-b08) (build 1.8.0_282-b08)
# Java VM: OpenJDK 64-Bit Server VM (25.282-b08 mixed mode windows-amd64 compressed oops)
Heap:
 PSYoungGen      total 262656K, used 48292K [0x00000000d5580000, 0x00000000e6c00000, 0x0000000100000000)
  eden space 254976K, 15% used [0x00000000d5580000,0x00000000d7d312e0,0x00000000e4e80000)
  from space 7680K, 99% used [0x00000000e4e80000,0x00000000e55f8030,0x00000000e5600000)
  to   space 11264K, 0% used [0x00000000e6100000,0x00000000e6100000,0x00000000e6c00000)
 ParOldGen       total 35840K, used 15202K [0x0000000080000000, 0x0000000082300000, 0x00000000d5580000)
  object space 35840K, 42% used [0x0000000080000000,0x0000000080ed8b98,0x0000000082300000)
 Metaspace       used 30597K, capacity 31162K, committed 31360K, reserved 1077248K
  class space    used 3465K, capacity 3673K, committed 3712K, reserved 1048576K
GC Heap History (10 events):
Event: 5.059 GC heap before
{Heap before GC invocations=6 (full 0):
 PSYoungGen      total 68096K, used 68084K [0x00000000d5580000, 0x00000000de280000, 0x0000000100000000)
  eden space 65536K, 100% used [0x00000000d5580000,0x00000000d9580000,0x00000000d9580000)
  from space 2560K, 99% used [0x00000000d9580000,0x00000000d97fd360,0x00000000d9800000)
  to   space 6656K, 0% used [0x00000000ddc00000,0x00000000ddc00000,0x00000000de280000)
 ParOldGen       total 44032K, used 7112K [0x0000000080000000, 0x0000000082b00000, 0x00000000d5580000)
  object space 44032K, 16% used [0x0000000080000000,0x00000000806f2080,0x0000000082b00000)
 Metaspace       used 19642K, capacity 19876K, committed 20224K, reserved 1067008K
  class space    used 2183K, capacity 2304K, committed 2304K, reserved 1048576K
Event: 5.069 GC heap after
Heap after GC invocations=6 (full 0):
 PSYoungGen      total 136192K, used 6639K [0x00000000d5580000, 0x00000000de580000, 0x0000000100000000)
  eden space 129536K, 0% used [0x00000000d5580000,0x00000000d5580000,0x00000000dd400000)
  from space 6656K, 99% used [0x00000000ddc00000,0x00000000de27bc38,0x00000000de280000)
  to   space 8192K, 0% used [0x00000000dd400000,0x00000000dd400000,0x00000000ddc00000)
 ParOldGen       total 44032K, used 7862K [0x0000000080000000, 0x0000000082b00000, 0x00000000d5580000)
  object space 44032K, 17% used [0x0000000080000000,0x00000000807ad9b0,0x0000000082b00000)
 Metaspace       used 19642K, capacity 19876K, committed 20224K, reserved 1067008K
  class space    used 2183K, capacity 2304K, committed 2304K, reserved 1048576K
}
Event: 5.476 GC heap before
{Heap before GC invocations=7 (full 0):
 PSYoungGen      total 136192K, used 40159K [0x00000000d5580000, 0x00000000de580000, 0x0000000100000000)
  eden space 129536K, 25% used [0x00000000d5580000,0x00000000d763c168,0x00000000dd400000)
  from space 6656K, 99% used [0x00000000ddc00000,0x00000000de27bc38,0x00000000de280000)
  to   space 8192K, 0% used [0x00000000dd400000,0x00000000dd400000,0x00000000ddc00000)
 ParOldGen       total 44032K, used 7862K [0x0000000080000000, 0x0000000082b00000, 0x00000000d5580000)
  object space 44032K, 17% used [0x0000000080000000,0x00000000807ad9b0,0x0000000082b00000)
 Metaspace       used 20841K, capacity 21136K, committed 21296K, reserved 1069056K
  class space    used 2313K, capacity 2425K, committed 2432K, reserved 1048576K
Event: 5.491 GC heap after
Heap after GC invocations=7 (full 0):
 PSYoungGen      total 137728K, used 5022K [0x00000000d5580000, 0x00000000e6180000, 0x0000000100000000)
  eden space 129536K, 0% used [0x00000000d5580000,0x00000000d5580000,0x00000000dd400000)
  from space 8192K, 61% used [0x00000000dd400000,0x00000000dd8e7830,0x00000000ddc00000)
  to   space 7680K, 0% used [0x00000000e5a00000,0x00000000e5a00000,0x00000000e6180000)
 ParOldGen       total 44032K, used 8756K [0x0000000080000000, 0x0000000082b00000, 0x00000000d5580000)
  object space 44032K, 19% used [0x0000000080000000,0x000000008088d3c0,0x0000000082b00000)
 Metaspace       used 20841K, capacity 21136K, committed 21296K, reserved 1069056K
  class space    used 2313K, capacity 2425K, committed 2432K, reserved 1048576K
}
Event: 5.491 GC heap before
{Heap before GC invocations=8 (full 1):
 PSYoungGen      total 137728K, used 5022K [0x00000000d5580000, 0x00000000e6180000, 0x0000000100000000)
  eden space 129536K, 0% used [0x00000000d5580000,0x00000000d5580000,0x00000000dd400000)
  from space 8192K, 61% used [0x00000000dd400000,0x00000000dd8e7830,0x00000000ddc00000)
  to   space 7680K, 0% used [0x00000000e5a00000,0x00000000e5a00000,0x00000000e6180000)
 ParOldGen       total 44032K, used 8756K [0x0000000080000000, 0x0000000082b00000, 0x00000000d5580000)
  object space 44032K, 19% used [0x0000000080000000,0x000000008088d3c0,0x0000000082b00000)
 Metaspace       used 20841K, capacity 21136K, committed 21296K, reserved 1069056K
  class space    used 2313K, capacity 2425K, committed 2432K, reserved 1048576K
Event: 5.554 GC heap after
Heap after GC invocations=8 (full 1):
 PSYoungGen      total 137728K, used 0K [0x00000000d5580000, 0x00000000e6180000, 0x0000000100000000)
  eden space 129536K, 0% used [0x00000000d5580000,0x00000000d5580000,0x00000000dd400000)
  from space 8192K, 0% used [0x00000000dd400000,0x00000000dd400000,0x00000000ddc00000)
  to   space 7680K, 0% used [0x00000000e5a00000,0x00000000e5a00000,0x00000000e6180000)
 ParOldGen       total 35840K, used 8581K [0x0000000080000000, 0x0000000082300000, 0x00000000d5580000)
  object space 35840K, 23% used [0x0000000080000000,0x0000000080861480,0x0000000082300000)
 Metaspace       used 20841K, capacity 21136K, committed 21296K, reserved 1069056K
  class space    used 2313K, capacity 2425K, committed 2432K, reserved 1048576K
}
Event: 7.058 GC heap before
{Heap before GC invocations=9 (full 1):
 PSYoungGen      total 137728K, used 129536K [0x00000000d5580000, 0x00000000e6180000, 0x0000000100000000)
  eden space 129536K, 100% used [0x00000000d5580000,0x00000000dd400000,0x00000000dd400000)
  from space 8192K, 0% used [0x00000000dd400000,0x00000000dd400000,0x00000000ddc00000)
  to   space 7680K, 0% used [0x00000000e5a00000,0x00000000e5a00000,0x00000000e6180000)
 ParOldGen       total 35840K, used 8581K [0x0000000080000000, 0x0000000082300000, 0x00000000d5580000)
  object space 35840K, 23% used [0x0000000080000000,0x0000000080861480,0x0000000082300000)
 Metaspace       used 22384K, capacity 22778K, committed 23088K, reserved 1069056K
  class space    used 2452K, capacity 2581K, committed 2688K, reserved 1048576K
Event: 7.065 GC heap after
Heap after GC invocations=9 (full 1):
 PSYoungGen      total 202752K, used 3281K [0x00000000d5580000, 0x00000000e5d80000, 0x0000000100000000)
  eden space 199168K, 0% used [0x00000000d5580000,0x00000000d5580000,0x00000000e1800000)
  from space 3584K, 91% used [0x00000000e5a00000,0x00000000e5d34418,0x00000000e5d80000)
  to   space 7680K, 0% used [0x00000000e4e80000,0x00000000e4e80000,0x00000000e5600000)
 ParOldGen       total 35840K, used 8589K [0x0000000080000000, 0x0000000082300000, 0x00000000d5580000)
  object space 35840K, 23% used [0x0000000080000000,0x0000000080863480,0x0000000082300000)
 Metaspace       used 22384K, capacity 22778K, committed 23088K, reserved 1069056K
  class space    used 2452K, capacity 2581K, committed 2688K, reserved 1048576K
}
Event: 10.831 GC heap before
{Heap before GC invocations=10 (full 1):
 PSYoungGen      total 202752K, used 202449K [0x00000000d5580000, 0x00000000e5d80000, 0x0000000100000000)
  eden space 199168K, 100% used [0x00000000d5580000,0x00000000e1800000,0x00000000e1800000)
  from space 3584K, 91% used [0x00000000e5a00000,0x00000000e5d34418,0x00000000e5d80000)
  to   space 7680K, 0% used [0x00000000e4e80000,0x00000000e4e80000,0x00000000e5600000)
 ParOldGen       total 35840K, used 8589K [0x0000000080000000, 0x0000000082300000, 0x00000000d5580000)
  object space 35840K, 23% used [0x0000000080000000,0x0000000080863480,0x0000000082300000)
 Metaspace       used 28853K, capacity 29304K, committed 29568K, reserved 1075200K
  class space    used 3226K, capacity 3398K, committed 3456K, reserved 1048576K
Event: 10.874 GC heap after
Heap after GC invocations=10 (full 1):
 PSYoungGen      total 262656K, used 7648K [0x00000000d5580000, 0x00000000e6c00000, 0x0000000100000000)
  eden space 254976K, 0% used [0x00000000d5580000,0x00000000d5580000,0x00000000e4e80000)
  from space 7680K, 99% used [0x00000000e4e80000,0x00000000e55f8030,0x00000000e5600000)
  to   space 11264K, 0% used [0x00000000e6100000,0x00000000e6100000,0x00000000e6c00000)
 ParOldGen       total 35840K, used 15202K [0x0000000080000000, 0x0000000082300000, 0x00000000d5580000)
  object space 35840K, 42% used [0x0000000080000000,0x0000000080ed8b98,0x0000000082300000)
 Metaspace       used 28853K, capacity 29304K, committed 29568K, reserved 1075200K
  class space    used 3226K, capacity 3398K, committed 3456K, reserved 1048576K
}

