# JRE version: OpenJDK Runtime Environment (Zulu 8.52.0.23-CA-win64) (8.0_282-b08) (build 1.8.0_282-b08)
# Java VM: OpenJDK 64-Bit Server VM (25.282-b08 mixed mode windows-amd64 compressed oops)
Heap:
 PSYoungGen      total 252416K, used 39181K [0x00000000d5580000, 0x00000000e5a80000, 0x0000000100000000)
  eden space 244736K, 16% used [0x00000000d5580000,0x00000000d7bc3680,0x00000000e4480000)
  from space 7680K, 0% used [0x00000000e5300000,0x00000000e5300000,0x00000000e5a80000)
  to   space 11264K, 0% used [0x00000000e4480000,0x00000000e4480000,0x00000000e4f80000)
 ParOldGen       total 64000K, used 23106K [0x0000000080000000, 0x0000000083e80000, 0x00000000d5580000)
  object space 64000K, 36% used [0x0000000080000000,0x0000000081690988,0x0000000083e80000)
 Metaspace       used 36734K, capacity 37738K, committed 38016K, reserved 1083392K
  class space    used 4359K, capacity 4628K, committed 4736K, reserved 1048576K
GC Heap History (10 events):
Event: 8.575 GC heap before
{Heap before GC invocations=10 (full 1):
 PSYoungGen      total 137216K, used 130560K [0x00000000d5580000, 0x00000000de380000, 0x0000000100000000)
  eden space 130560K, 100% used [0x00000000d5580000,0x00000000dd500000,0x00000000dd500000)
  from space 6656K, 0% used [0x00000000ddc00000,0x00000000ddc00000,0x00000000de280000)
  to   space 7168K, 0% used [0x00000000dd500000,0x00000000dd500000,0x00000000ddc00000)
 ParOldGen       total 35840K, used 10360K [0x0000000080000000, 0x0000000082300000, 0x00000000d5580000)
  object space 35840K, 28% used [0x0000000080000000,0x0000000080a1e168,0x0000000082300000)
 Metaspace       used 22409K, capacity 22778K, committed 23088K, reserved 1069056K
  class space    used 2452K, capacity 2581K, committed 2688K, reserved 1048576K
Event: 8.580 GC heap after
Heap after GC invocations=10 (full 1):
 PSYoungGen      total 137728K, used 3313K [0x00000000d5580000, 0x00000000e1080000, 0x0000000100000000)
  eden space 130560K, 0% used [0x00000000d5580000,0x00000000d5580000,0x00000000dd500000)
  from space 7168K, 46% used [0x00000000dd500000,0x00000000dd83c418,0x00000000ddc00000)
  to   space 7168K, 0% used [0x00000000e0980000,0x00000000e0980000,0x00000000e1080000)
 ParOldGen       total 35840K, used 10368K [0x0000000080000000, 0x0000000082300000, 0x00000000d5580000)
  object space 35840K, 28% used [0x0000000080000000,0x0000000080a20168,0x0000000082300000)
 Metaspace       used 22409K, capacity 22778K, committed 23088K, reserved 1069056K
  class space    used 2452K, capacity 2581K, committed 2688K, reserved 1048576K
}
Event: 10.773 GC heap before
{Heap before GC invocations=11 (full 1):
 PSYoungGen      total 137728K, used 133873K [0x00000000d5580000, 0x00000000e1080000, 0x0000000100000000)
  eden space 130560K, 100% used [0x00000000d5580000,0x00000000dd500000,0x00000000dd500000)
  from space 7168K, 46% used [0x00000000dd500000,0x00000000dd83c418,0x00000000ddc00000)
  to   space 7168K, 0% used [0x00000000e0980000,0x00000000e0980000,0x00000000e1080000)
 ParOldGen       total 35840K, used 10368K [0x0000000080000000, 0x0000000082300000, 0x00000000d5580000)
  object space 35840K, 28% used [0x0000000080000000,0x0000000080a20168,0x0000000082300000)
 Metaspace       used 23599K, capacity 24008K, committed 24064K, reserved 1071104K
  class space    used 2601K, capacity 2772K, committed 2816K, reserved 1048576K
Event: 10.789 GC heap after
Heap after GC invocations=11 (full 1):
 PSYoungGen      total 182272K, used 7152K [0x00000000d5580000, 0x00000000e1080000, 0x0000000100000000)
  eden space 175104K, 0% used [0x00000000d5580000,0x00000000d5580000,0x00000000e0080000)
  from space 7168K, 99% used [0x00000000e0980000,0x00000000e107c010,0x00000000e1080000)
  to   space 8192K, 0% used [0x00000000e0080000,0x00000000e0080000,0x00000000e0880000)
 ParOldGen       total 35840K, used 10462K [0x0000000080000000, 0x0000000082300000, 0x00000000d5580000)
  object space 35840K, 29% used [0x0000000080000000,0x0000000080a37950,0x0000000082300000)
 Metaspace       used 23599K, capacity 24008K, committed 24064K, reserved 1071104K
  class space    used 2601K, capacity 2772K, committed 2816K, reserved 1048576K
}
Event: 15.817 GC heap before
{Heap before GC invocations=12 (full 1):
 PSYoungGen      total 182272K, used 182256K [0x00000000d5580000, 0x00000000e1080000, 0x0000000100000000)
  eden space 175104K, 100% used [0x00000000d5580000,0x00000000e0080000,0x00000000e0080000)
  from space 7168K, 99% used [0x00000000e0980000,0x00000000e107c010,0x00000000e1080000)
  to   space 8192K, 0% used [0x00000000e0080000,0x00000000e0080000,0x00000000e0880000)
 ParOldGen       total 35840K, used 10462K [0x0000000080000000, 0x0000000082300000, 0x00000000d5580000)
  object space 35840K, 29% used [0x0000000080000000,0x0000000080a37950,0x0000000082300000)
 Metaspace       used 30818K, capacity 31350K, committed 31616K, reserved 1077248K
  class space    used 3479K, capacity 3686K, committed 3712K, reserved 1048576K
Event: 16.049 GC heap after
Heap after GC invocations=12 (full 1):
 PSYoungGen      total 183296K, used 8168K [0x00000000d5580000, 0x00000000e5e80000, 0x0000000100000000)
  eden space 175104K, 0% used [0x00000000d5580000,0x00000000d5580000,0x00000000e0080000)
  from space 8192K, 99% used [0x00000000e0080000,0x00000000e087a1a0,0x00000000e0880000)
  to   space 11776K, 0% used [0x00000000e5300000,0x00000000e5300000,0x00000000e5e80000)
 ParOldGen       total 35840K, used 18401K [0x0000000080000000, 0x0000000082300000, 0x00000000d5580000)
  object space 35840K, 51% used [0x0000000080000000,0x00000000811f8580,0x0000000082300000)
 Metaspace       used 30818K, capacity 31350K, committed 31616K, reserved 1077248K
  class space    used 3479K, capacity 3686K, committed 3712K, reserved 1048576K
}
Event: 19.676 GC heap before
{Heap before GC invocations=13 (full 1):
 PSYoungGen      total 183296K, used 116098K [0x00000000d5580000, 0x00000000e5e80000, 0x0000000100000000)
  eden space 175104K, 61% used [0x00000000d5580000,0x00000000dbee67c8,0x00000000e0080000)
  from space 8192K, 99% used [0x00000000e0080000,0x00000000e087a1a0,0x00000000e0880000)
  to   space 11776K, 0% used [0x00000000e5300000,0x00000000e5300000,0x00000000e5e80000)
 ParOldGen       total 35840K, used 18401K [0x0000000080000000, 0x0000000082300000, 0x00000000d5580000)
  object space 35840K, 51% used [0x0000000080000000,0x00000000811f8580,0x0000000082300000)
 Metaspace       used 34678K, capacity 35428K, committed 35496K, reserved 1081344K
  class space    used 4056K, capacity 4286K, committed 4352K, reserved 1048576K
Event: 19.718 GC heap after
Heap after GC invocations=13 (full 1):
 PSYoungGen      total 252416K, used 5143K [0x00000000d5580000, 0x00000000e5a80000, 0x0000000100000000)
  eden space 244736K, 0% used [0x00000000d5580000,0x00000000d5580000,0x00000000e4480000)
  from space 7680K, 66% used [0x00000000e5300000,0x00000000e5805fa8,0x00000000e5a80000)
  to   space 11264K, 0% used [0x00000000e4480000,0x00000000e4480000,0x00000000e4f80000)
 ParOldGen       total 35840K, used 22313K [0x0000000080000000, 0x0000000082300000, 0x00000000d5580000)
  object space 35840K, 62% used [0x0000000080000000,0x00000000815ca7a0,0x0000000082300000)
 Metaspace       used 34678K, capacity 35428K, committed 35496K, reserved 1081344K
  class space    used 4056K, capacity 4286K, committed 4352K, reserved 1048576K
}
Event: 19.718 GC heap before
{Heap before GC invocations=14 (full 2):
 PSYoungGen      total 252416K, used 5143K [0x00000000d5580000, 0x00000000e5a80000, 0x0000000100000000)
  eden space 244736K, 0% used [0x00000000d5580000,0x00000000d5580000,0x00000000e4480000)
  from space 7680K, 66% used [0x00000000e5300000,0x00000000e5805fa8,0x00000000e5a80000)
  to   space 11264K, 0% used [0x00000000e4480000,0x00000000e4480000,0x00000000e4f80000)
 ParOldGen       total 35840K, used 22313K [0x0000000080000000, 0x0000000082300000, 0x00000000d5580000)
  object space 35840K, 62% used [0x0000000080000000,0x00000000815ca7a0,0x0000000082300000)
 Metaspace       used 34678K, capacity 35428K, committed 35496K, reserved 1081344K
  class space    used 4056K, capacity 4286K, committed 4352K, reserved 1048576K
Event: 20.152 GC heap after
Heap after GC invocations=14 (full 2):
 PSYoungGen      total 252416K, used 0K [0x00000000d5580000, 0x00000000e5a80000, 0x0000000100000000)
  eden space 244736K, 0% used [0x00000000d5580000,0x00000000d5580000,0x00000000e4480000)
  from space 7680K, 0% used [0x00000000e5300000,0x00000000e5300000,0x00000000e5a80000)
  to   space 11264K, 0% used [0x00000000e4480000,0x00000000e4480000,0x00000000e4f80000)
 ParOldGen       total 64000K, used 23106K [0x0000000080000000, 0x0000000083e80000, 0x00000000d5580000)
  object space 64000K, 36% used [0x0000000080000000,0x0000000081690988,0x0000000083e80000)
 Metaspace       used 34678K, capacity 35428K, committed 35496K, reserved 1081344K
  class space    used 4056K, capacity 4286K, committed 4352K, reserved 1048576K
}

